  main_prac01.cpp
C:\Users\DELL\Desktop\Practicas_graficas\Proyecto_final\practica-1\practica-1\include\shader_m.h(44,40): warning C4101: 'e': variable local sin referencia
C:\Users\DELL\Desktop\Practicas_graficas\Proyecto_final\practica-1\practica-1\include\modelAnim.h(104,44): warning C4244: '=': conversión de 'double' a 'float'; posible pérdida de datos
C:\Users\DELL\Desktop\Practicas_graficas\Proyecto_final\practica-1\practica-1\include\modelAnim.h(520,24): warning C4244: 'inicializando': conversión de 'double' a 'float'; posible pérdida de datos
C:\Users\DELL\Desktop\Practicas_graficas\Proyecto_final\practica-1\practica-1\main_prac01.cpp(214,15): warning C4305: '+=': truncamiento de 'double' a 'float'
C:\Users\DELL\Desktop\Practicas_graficas\Proyecto_final\practica-1\practica-1\main_prac01.cpp(348,14): warning C4305: '=': truncamiento de 'double' a 'float'
C:\Users\DELL\Desktop\Practicas_graficas\Proyecto_final\practica-1\practica-1\main_prac01.cpp(361,14): warning C4305: '=': truncamiento de 'double' a 'float'
C:\Users\DELL\Desktop\Practicas_graficas\Proyecto_final\practica-1\practica-1\main_prac01.cpp(374,15): warning C4305: '=': truncamiento de 'double' a 'float'
C:\Users\DELL\Desktop\Practicas_graficas\Proyecto_final\practica-1\practica-1\main_prac01.cpp(939,11): warning C4244: '=': conversión de 'double' a 'float'; posible pérdida de datos
C:\Users\DELL\Desktop\Practicas_graficas\Proyecto_final\practica-1\practica-1\main_prac01.cpp(940,11): warning C4244: '=': conversión de 'double' a 'float'; posible pérdida de datos
C:\Users\DELL\Desktop\Practicas_graficas\Proyecto_final\practica-1\practica-1\main_prac01.cpp(944,16): warning C4244: 'inicializando': conversión de 'double' a 'float'; posible pérdida de datos
C:\Users\DELL\Desktop\Practicas_graficas\Proyecto_final\practica-1\practica-1\main_prac01.cpp(945,16): warning C4244: 'inicializando': conversión de 'double' a 'float'; posible pérdida de datos
C:\Users\DELL\Desktop\Practicas_graficas\Proyecto_final\practica-1\practica-1\main_prac01.cpp(947,10): warning C4244: '=': conversión de 'double' a 'float'; posible pérdida de datos
C:\Users\DELL\Desktop\Practicas_graficas\Proyecto_final\practica-1\practica-1\main_prac01.cpp(948,10): warning C4244: '=': conversión de 'double' a 'float'; posible pérdida de datos
C:\Users\DELL\Desktop\Practicas_graficas\Proyecto_final\practica-1\practica-1\main_prac01.cpp(956,28): warning C4244: 'argumento': conversión de 'double' a 'float'; posible pérdida de datos
glfw3.lib(context.obj) : warning LNK4099: no se encontró PDB '' con 'glfw3.lib(context.obj)' o en ''; se vinculará el objeto sin tener en cuenta información de depuración
glfw3.lib(init.obj) : warning LNK4099: no se encontró PDB '' con 'glfw3.lib(init.obj)' o en ''; se vinculará el objeto sin tener en cuenta información de depuración
glfw3.lib(input.obj) : warning LNK4099: no se encontró PDB '' con 'glfw3.lib(input.obj)' o en ''; se vinculará el objeto sin tener en cuenta información de depuración
glfw3.lib(monitor.obj) : warning LNK4099: no se encontró PDB '' con 'glfw3.lib(monitor.obj)' o en ''; se vinculará el objeto sin tener en cuenta información de depuración
glfw3.lib(vulkan.obj) : warning LNK4099: no se encontró PDB '' con 'glfw3.lib(vulkan.obj)' o en ''; se vinculará el objeto sin tener en cuenta información de depuración
glfw3.lib(window.obj) : warning LNK4099: no se encontró PDB '' con 'glfw3.lib(window.obj)' o en ''; se vinculará el objeto sin tener en cuenta información de depuración
glfw3.lib(win32_init.obj) : warning LNK4099: no se encontró PDB '' con 'glfw3.lib(win32_init.obj)' o en ''; se vinculará el objeto sin tener en cuenta información de depuración
glfw3.lib(win32_joystick.obj) : warning LNK4099: no se encontró PDB '' con 'glfw3.lib(win32_joystick.obj)' o en ''; se vinculará el objeto sin tener en cuenta información de depuración
glfw3.lib(win32_monitor.obj) : warning LNK4099: no se encontró PDB '' con 'glfw3.lib(win32_monitor.obj)' o en ''; se vinculará el objeto sin tener en cuenta información de depuración
glfw3.lib(win32_time.obj) : warning LNK4099: no se encontró PDB '' con 'glfw3.lib(win32_time.obj)' o en ''; se vinculará el objeto sin tener en cuenta información de depuración
glfw3.lib(win32_thread.obj) : warning LNK4099: no se encontró PDB '' con 'glfw3.lib(win32_thread.obj)' o en ''; se vinculará el objeto sin tener en cuenta información de depuración
glfw3.lib(win32_window.obj) : warning LNK4099: no se encontró PDB '' con 'glfw3.lib(win32_window.obj)' o en ''; se vinculará el objeto sin tener en cuenta información de depuración
glfw3.lib(wgl_context.obj) : warning LNK4099: no se encontró PDB '' con 'glfw3.lib(wgl_context.obj)' o en ''; se vinculará el objeto sin tener en cuenta información de depuración
glfw3.lib(egl_context.obj) : warning LNK4099: no se encontró PDB '' con 'glfw3.lib(egl_context.obj)' o en ''; se vinculará el objeto sin tener en cuenta información de depuración
glfw3.lib(osmesa_context.obj) : warning LNK4099: no se encontró PDB '' con 'glfw3.lib(osmesa_context.obj)' o en ''; se vinculará el objeto sin tener en cuenta información de depuración
  practica-1.vcxproj -> C:\Users\DELL\Desktop\Practicas_graficas\Proyecto_final\practica-1\Debug\practica-1.exe
